{"/Users/juan/Documents/U/SMA/Tutorial_1/src/avatar/domain/Avatar.ts": {"path":"/Users/juan/Documents/U/SMA/Tutorial_1/src/avatar/domain/Avatar.ts","statementMap":{"0":{"start":{"line":4,"column":4},"end":{"line":4,"column":32}},"1":{"start":{"line":7,"column":4},"end":{"line":7,"column":35}},"2":{"start":{"line":10,"column":4},"end":{"line":10,"column":30}},"3":{"start":{"line":13,"column":4},"end":{"line":13,"column":30}},"4":{"start":{"line":1,"column":0},"end":{"line":1,"column":13}}},"fnMap":{"0":{"name":"(anonymous_0)","decl":{"start":{"line":3,"column":2},"end":{"line":3,"column":null}},"loc":{"start":{"line":3,"column":2},"end":{"line":5,"column":3}}},"1":{"name":"(anonymous_1)","decl":{"start":{"line":6,"column":2},"end":{"line":6,"column":23}},"loc":{"start":{"line":6,"column":23},"end":{"line":8,"column":3}}},"2":{"name":"(anonymous_2)","decl":{"start":{"line":9,"column":2},"end":{"line":9,"column":10}},"loc":{"start":{"line":9,"column":10},"end":{"line":11,"column":3}}},"3":{"name":"(anonymous_3)","decl":{"start":{"line":12,"column":2},"end":{"line":12,"column":11}},"loc":{"start":{"line":12,"column":11},"end":{"line":14,"column":3}}}},"branchMap":{},"s":{"0":2,"1":4,"2":1,"3":1,"4":1},"f":{"0":2,"1":4,"2":1,"3":1},"b":{}}
}
